

Welcome to the Spex Prism Library Analysis Toolkit (SPLAT)!
If you make use of any features of this toolkit for your research, please remember to cite the SPLAT paper:

Burgasser et al. (2017, Astro. Soc. India Conf. Series 14, p. 7); Bibcode: 2017ASInC..14....7B

If you make use of any spectra or models in this toolkit, please remember to cite the original source.
Please report any errors are feature requests to our github page, https://github.com/aburgasser/splat/


dict_keys(['LSST_R', 'LSST_I', 'LSST_Z', 'SDSS_G', 'SDSS_R', 'SDSS_I', 'SDSS_Z', 'PANSTARRS_R', 'PANSTARRS_I', 'PANSTARRS_Z', 'PANSTARRS_Y', 'LSST_G', 'LSST_Y', 'VISTA_Z', 'VISTA_Y', 'VISTA_J', 'VISTA_H', 'VISTA_KS', 'UKIDSS_J', 'UKIDSS_H', 'UKIDSS_K', '2MASS J', '2MASS H', '2MASS K', 'UKIDSS_Y'])
dict_keys(['SDSS_G', 'SDSS_R', 'SDSS_I', 'SDSS_Z', 'PANSTARRS_R', 'PANSTARRS_I', 'PANSTARRS_Z', 'PANSTARRS_Y', 'LSST_G', 'LSST_R', 'LSST_I', 'LSST_Z', 'LSST_Y', 'VISTA_Z', 'VISTA_Y', 'VISTA_J', 'VISTA_H', 'VISTA_KS', 'UKIDSS_Y', 'UKIDSS_J', 'UKIDSS_H', 'UKIDSS_K', '2MASS J', '2MASS H', '2MASS K'])
1000
1000
1000
581 4 762


Welcome to the Spex Prism Library Analysis Toolkit (SPLAT)!
If you make use of any features of this toolkit for your research, please remember to cite the SPLAT paper:

Burgasser et al. (2017, Astro. Soc. India Conf. Series 14, p. 7); Bibcode: 2017ASInC..14....7B

If you make use of any spectra or models in this toolkit, please remember to cite the original source.
Please report any errors are feature requests to our github page, https://github.com/aburgasser/splat/


dict_keys(['LSST_R', 'LSST_I', 'LSST_Z', 'SDSS_G', 'SDSS_R', 'SDSS_I', 'SDSS_Z', 'PANSTARRS_R', 'PANSTARRS_I', 'PANSTARRS_Z', 'PANSTARRS_Y', 'LSST_G', 'LSST_Y', 'VISTA_Z', 'VISTA_Y', 'VISTA_J', 'VISTA_H', 'VISTA_KS', 'UKIDSS_J', 'UKIDSS_H', 'UKIDSS_K', '2MASS J', '2MASS H', '2MASS K', 'UKIDSS_Y'])
dict_keys(['SDSS_G', 'SDSS_R', 'SDSS_I', 'SDSS_Z', 'PANSTARRS_R', 'PANSTARRS_I', 'PANSTARRS_Z', 'PANSTARRS_Y', 'LSST_G', 'LSST_R', 'LSST_I', 'LSST_Z', 'LSST_Y', 'VISTA_Z', 'VISTA_Y', 'VISTA_J', 'VISTA_H', 'VISTA_KS', 'UKIDSS_Y', 'UKIDSS_J', 'UKIDSS_H', 'UKIDSS_K', '2MASS J', '2MASS H', '2MASS K'])
1000000
1000000
1000000
623291 12718 823155


Welcome to the Spex Prism Library Analysis Toolkit (SPLAT)!
If you make use of any features of this toolkit for your research, please remember to cite the SPLAT paper:

Burgasser et al. (2017, Astro. Soc. India Conf. Series 14, p. 7); Bibcode: 2017ASInC..14....7B

If you make use of any spectra or models in this toolkit, please remember to cite the original source.
Please report any errors are feature requests to our github page, https://github.com/aburgasser/splat/


dict_keys(['LSST_R', 'LSST_I', 'LSST_Z', 'SDSS_G', 'SDSS_R', 'SDSS_I', 'SDSS_Z', 'PANSTARRS_R', 'PANSTARRS_I', 'PANSTARRS_Z', 'PANSTARRS_Y', 'LSST_G', 'LSST_Y', 'VISTA_Z', 'VISTA_Y', 'VISTA_J', 'VISTA_H', 'VISTA_KS', 'UKIDSS_J', 'UKIDSS_H', 'UKIDSS_K', '2MASS J', '2MASS H', '2MASS K', 'UKIDSS_Y', 'NIRISS_F115W', 'NIRISS_F200W', 'NIRISS_F150W', 'WFI_R062', 'WFI_Z087', 'WFI_Y106', 'WFI_J129', 'WFI_H158', 'WFI_F184', 'WFI_Prism', 'WFI_Grism', 'EUCLID_Y', 'EUCLID_J', 'EUCLID_H'])
dict_keys(['SDSS_G', 'SDSS_R', 'SDSS_I', 'SDSS_Z', 'PANSTARRS_R', 'PANSTARRS_I', 'PANSTARRS_Z', 'PANSTARRS_Y', 'LSST_G', 'LSST_R', 'LSST_I', 'LSST_Z', 'LSST_Y', 'VISTA_Z', 'VISTA_Y', 'VISTA_J', 'VISTA_H', 'VISTA_KS', 'UKIDSS_Y', 'UKIDSS_J', 'UKIDSS_H', 'UKIDSS_K', '2MASS J', '2MASS H', '2MASS K', 'NIRISS_F115W', 'NIRISS_F200W', 'NIRISS_F150W', 'WFI_R062', 'WFI_Z087', 'WFI_Y106', 'WFI_J129', 'WFI_H158', 'WFI_F184', 'WFI_Prism', 'WFI_Grism', 'EUCLID_Y', 'EUCLID_J', 'EUCLID_H'])
1000000
1000000
1000000
1000000
1000000
1000000
1000000
1000000
1000000
1000000
1000000


Welcome to the Spex Prism Library Analysis Toolkit (SPLAT)!
If you make use of any features of this toolkit for your research, please remember to cite the SPLAT paper:

Burgasser et al. (2017, Astro. Soc. India Conf. Series 14, p. 7); Bibcode: 2017ASInC..14....7B

If you make use of any spectra or models in this toolkit, please remember to cite the original source.
Please report any errors are feature requests to our github page, https://github.com/aburgasser/splat/


dict_keys(['LSST_R', 'LSST_I', 'LSST_Z', 'SDSS_G', 'SDSS_R', 'SDSS_I', 'SDSS_Z', 'PANSTARRS_R', 'PANSTARRS_I', 'PANSTARRS_Z', 'PANSTARRS_Y', 'LSST_G', 'LSST_Y', 'VISTA_Z', 'VISTA_Y', 'VISTA_J', 'VISTA_H', 'VISTA_KS', 'UKIDSS_J', 'UKIDSS_H', 'UKIDSS_K', '2MASS J', '2MASS H', '2MASS K', 'UKIDSS_Y', 'NIRISS_F115W', 'NIRISS_F200W', 'NIRISS_F150W', 'WFI_R062', 'WFI_Z087', 'WFI_Y106', 'WFI_J129', 'WFI_H158', 'WFI_F184', 'WFI_Prism', 'WFI_Grism', 'EUCLID_Y', 'EUCLID_J', 'EUCLID_H'])
dict_keys(['SDSS_G', 'SDSS_R', 'SDSS_I', 'SDSS_Z', 'PANSTARRS_R', 'PANSTARRS_I', 'PANSTARRS_Z', 'PANSTARRS_Y', 'LSST_G', 'LSST_R', 'LSST_I', 'LSST_Z', 'LSST_Y', 'VISTA_Z', 'VISTA_Y', 'VISTA_J', 'VISTA_H', 'VISTA_KS', 'UKIDSS_Y', 'UKIDSS_J', 'UKIDSS_H', 'UKIDSS_K', '2MASS J', '2MASS H', '2MASS K', 'NIRISS_F115W', 'NIRISS_F200W', 'NIRISS_F150W', 'WFI_R062', 'WFI_Z087', 'WFI_Y106', 'WFI_J129', 'WFI_H158', 'WFI_F184', 'WFI_Prism', 'WFI_Grism', 'EUCLID_Y', 'EUCLID_J', 'EUCLID_H'])
1000000
1000000
1000000
1000000
1000000
1000000
1000000
1000000
1000000
1000000
1000000
